make --dry-run --always-make --keep-going --print-directory
make: Entering directory '/home/leldiss/minshell'
gcc -lreadline -g -Wall -Werror -Wextra -c pars/main.c -o pars/main.o
gcc -lreadline -g -Wall -Werror -Wextra -c pars/free_structure.c -o pars/free_structure.o
gcc -lreadline -g -Wall -Werror -Wextra -c pars/initialize_structure.c -o pars/initialize_structure.o
gcc -lreadline -g -Wall -Werror -Wextra -c pars/parse_double_quotes.c -o pars/parse_double_quotes.o
gcc -lreadline -g -Wall -Werror -Wextra -c pars/parse_env.c -o pars/parse_env.o
gcc -lreadline -g -Wall -Werror -Wextra -c pars/parse_input.c -o pars/parse_input.o
gcc -lreadline -g -Wall -Werror -Wextra -c pars/parse_output.c -o pars/parse_output.o
gcc -lreadline -g -Wall -Werror -Wextra -c pars/parse_pipe.c -o pars/parse_pipe.o
gcc -lreadline -g -Wall -Werror -Wextra -c pars/parse_quotes.c -o pars/parse_quotes.o
gcc -lreadline -g -Wall -Werror -Wextra -c pars/start_parse.c -o pars/start_parse.o
gcc -lreadline -g -Wall -Werror -Wextra -c pars/env_utils.c -o pars/env_utils.o
gcc -lreadline -g -Wall -Werror -Wextra -c pars/pars_utils.c -o pars/pars_utils.o
gcc -lreadline -g -Wall -Werror -Wextra -c pars/pars_utils2.c -o pars/pars_utils2.o
gcc -lreadline -g -Wall -Werror -Wextra -c pars/pars_utils3.c -o pars/pars_utils3.o
gcc -lreadline -g -Wall -Werror -Wextra -c execute/execute.c -o execute/execute.o
gcc -lreadline -g -Wall -Werror -Wextra -c execute/pipex.c -o execute/pipex.o
gcc -lreadline -g -Wall -Werror -Wextra -c execute/utils.c -o execute/utils.o
gcc -lreadline -g -Wall -Werror -Wextra -c execute/utils2.c -o execute/utils2.o
gcc -lreadline -g -Wall -Werror -Wextra -c execute/pwd.c -o execute/pwd.o
gcc -lreadline -g -Wall -Werror -Wextra -c execute/builtinsutils.c -o execute/builtinsutils.o
gcc -lreadline -g -Wall -Werror -Wextra -c execute/cd.c -o execute/cd.o
gcc -lreadline -g -Wall -Werror -Wextra -c execute/echo.c -o execute/echo.o
gcc -lreadline -g -Wall -Werror -Wextra -c execute/env.c -o execute/env.o
gcc -lreadline -g -Wall -Werror -Wextra -c execute/exit.c -o execute/exit.o
gcc -lreadline -g -Wall -Werror -Wextra -c execute/export.c -o execute/export.o
gcc -lreadline -g -Wall -Werror -Wextra -c execute/unset.c -o execute/unset.o
gcc -lreadline -g -Wall -Werror -Wextra -c execute/signal.c -o execute/signal.o
gcc -lreadline -g -Wall -Werror -Wextra -c execute/path.c -o execute/path.o
gcc -lreadline -g -Wall -Werror -Wextra -c execute/utils3.c -o execute/utils3.o
gcc -lreadline -g -Wall -Werror -Wextra -c execute/ft_split.c -o execute/ft_split.o
gcc pars/main.o pars/free_structure.o pars/initialize_structure.o pars/parse_double_quotes.o pars/parse_env.o pars/parse_input.o pars/parse_output.o pars/parse_pipe.o pars/parse_quotes.o pars/start_parse.o pars/env_utils.o pars/pars_utils.o pars/pars_utils2.o pars/pars_utils3.o execute/execute.o execute/pipex.o execute/utils.o execute/utils2.o execute/pwd.o execute/builtinsutils.o execute/cd.o execute/echo.o execute/env.o execute/exit.o execute/export.o execute/unset.o execute/signal.o execute/path.o execute/utils3.o execute/ft_split.o pars/minishell.h execute/execute.h -o minishell -lreadline -g -Wall -Werror -Wextra -o minishell
make: Leaving directory '/home/leldiss/minshell'
 
